<?xml version="1.0" encoding="UTF-8"?>
<!-- Generated by org.testng.reporters.JUnitReportReporter -->
<testsuite hostname="DESKTOP-9OOOF17" failures="0" tests="1" name="Test.IMDB_Test" time="21.273" errors="0" timestamp="2022-08-23T14:45:34 IST" skipped="0">
  <testcase classname="Test.IMDB_Test" name="ValidateImdb" time="21.273"/>
  <system-out/>
</testsuite> <!-- Test.IMDB_Test -->
